[debug] [2024-12-07T21:18:09.174Z] ----------------------------------------------------------------------
[debug] [2024-12-07T21:18:09.178Z] Command:       /usr/bin/node /usr/local/bin/firebase init
[debug] [2024-12-07T21:18:09.179Z] CLI Version:   13.22.1
[debug] [2024-12-07T21:18:09.179Z] Platform:      linux
[debug] [2024-12-07T21:18:09.179Z] Node Version:  v18.19.1
[debug] [2024-12-07T21:18:09.180Z] Time:          Sun Dec 08 2024 02:18:09 GMT+0500 (Pakistan Standard Time)
[debug] [2024-12-07T21:18:09.180Z] ----------------------------------------------------------------------
[debug] 
[debug] [2024-12-07T21:18:09.193Z] > command requires scopes: ["email","openid","https://www.googleapis.com/auth/cloudplatformprojects.readonly","https://www.googleapis.com/auth/firebase","https://www.googleapis.com/auth/cloud-platform"]
[debug] [2024-12-07T21:18:09.194Z] > authorizing via signed-in user (m.rjerryy123@gmail.com)
[info] 
     ######## #### ########  ######## ########     ###     ######  ########
     ##        ##  ##     ## ##       ##     ##  ##   ##  ##       ##
     ######    ##  ########  ######   ########  #########  ######  ######
     ##        ##  ##    ##  ##       ##     ## ##     ##       ## ##
     ##       #### ##     ## ######## ########  ##     ##  ######  ########

You're about to initialize a Firebase project in this directory:

  /media/mian/bad52411-55c8-4bee-a68d-f34fa6f21e1a/riderap/taxi_driver_node

Before we get started, keep in mind:

  * You are currently outside your home directory

[info] 
=== Project Setup
[info] 
[info] First, let's associate this project directory with a Firebase project.
[info] You can create multiple project aliases by running firebase use --add, 
[info] but for now we'll just set up a default project.
[info] 
[info] i  If you want to create a project in a Google Cloud organization or folder, please use "firebase projects:create" instead, and return to this command when you've created the project. 
[debug] [2024-12-07T21:19:56.702Z] Checked if tokens are valid: false, expires at: 1733591311039
[debug] [2024-12-07T21:19:56.703Z] Checked if tokens are valid: false, expires at: 1733591311039
[debug] [2024-12-07T21:19:56.704Z] > refreshing access token with scopes: []
[debug] [2024-12-07T21:19:56.710Z] >>> [apiv2][query] POST https://www.googleapis.com/oauth2/v3/token [none]
[debug] [2024-12-07T21:19:56.710Z] >>> [apiv2][body] POST https://www.googleapis.com/oauth2/v3/token [omitted]
[debug] [2024-12-07T21:19:57.319Z] <<< [apiv2][status] POST https://www.googleapis.com/oauth2/v3/token 200
[debug] [2024-12-07T21:19:57.320Z] <<< [apiv2][body] POST https://www.googleapis.com/oauth2/v3/token [omitted]
[debug] [2024-12-07T21:19:57.357Z] >>> [apiv2][query] POST https://cloudresourcemanager.googleapis.com/v1/projects [none]
[debug] [2024-12-07T21:19:57.358Z] >>> [apiv2][body] POST https://cloudresourcemanager.googleapis.com/v1/projects {"projectId":"taxi_app_backend","name":"rider_app_backend"}
[debug] [2024-12-07T21:19:59.024Z] <<< [apiv2][status] POST https://cloudresourcemanager.googleapis.com/v1/projects 400
[debug] [2024-12-07T21:19:59.025Z] <<< [apiv2][body] POST https://cloudresourcemanager.googleapis.com/v1/projects {"error":{"code":400,"message":"Request contains an invalid argument.","status":"INVALID_ARGUMENT","details":[{"@type":"type.googleapis.com/google.rpc.BadRequest","fieldViolations":[{"field":"project_id","description":"project_id contains invalid characters"},{"field":"display_name","description":"project display name contains invalid characters"}]},{"@type":"type.googleapis.com/google.rpc.Help","links":[{"url":"https://cloud.google.com/resource-manager/reference/rest/v1/projects"}]}]}}
[debug] [2024-12-07T21:19:59.384Z] FirebaseError: HTTP Error: 400, Request contains an invalid argument.
    at responseToError (/usr/local/lib/node_modules/firebase-tools/lib/responseToError.js:49:12)
    at RetryOperation._fn (/usr/local/lib/node_modules/firebase-tools/lib/apiv2.js:312:77)
    at process.processTicksAndRejections (node:internal/process/task_queues:95:5)
[error] 
[error] Error: Failed to create project. See firebase-debug.log for more info.
[debug] [2024-12-07T21:20:09.869Z] ----------------------------------------------------------------------
[debug] [2024-12-07T21:20:09.873Z] Command:       /usr/bin/node /usr/local/bin/firebase init
[debug] [2024-12-07T21:20:09.873Z] CLI Version:   13.22.1
[debug] [2024-12-07T21:20:09.874Z] Platform:      linux
[debug] [2024-12-07T21:20:09.874Z] Node Version:  v18.19.1
[debug] [2024-12-07T21:20:09.874Z] Time:          Sun Dec 08 2024 02:20:09 GMT+0500 (Pakistan Standard Time)
[debug] [2024-12-07T21:20:09.874Z] ----------------------------------------------------------------------
[debug] 
[debug] [2024-12-07T21:20:09.883Z] > command requires scopes: ["email","openid","https://www.googleapis.com/auth/cloudplatformprojects.readonly","https://www.googleapis.com/auth/firebase","https://www.googleapis.com/auth/cloud-platform"]
[debug] [2024-12-07T21:20:09.884Z] > authorizing via signed-in user (m.rjerryy123@gmail.com)
[info] 
     ######## #### ########  ######## ########     ###     ######  ########
     ##        ##  ##     ## ##       ##     ##  ##   ##  ##       ##
     ######    ##  ########  ######   ########  #########  ######  ######
     ##        ##  ##    ##  ##       ##     ## ##     ##       ## ##
     ##       #### ##     ## ######## ########  ##     ##  ######  ########

You're about to initialize a Firebase project in this directory:

  /media/mian/bad52411-55c8-4bee-a68d-f34fa6f21e1a/riderap/taxi_driver_node

Before we get started, keep in mind:

  * You are currently outside your home directory

[info] 
=== Project Setup
[info] 
[info] First, let's associate this project directory with a Firebase project.
[info] You can create multiple project aliases by running firebase use --add, 
[info] but for now we'll just set up a default project.
[info] 
[debug] [2024-12-07T21:20:16.646Z] Checked if tokens are valid: true, expires at: 1733609996322
[debug] [2024-12-07T21:20:16.647Z] Checked if tokens are valid: true, expires at: 1733609996322
[debug] [2024-12-07T21:20:16.651Z] >>> [apiv2][query] GET https://firebase.googleapis.com/v1beta1/projects pageSize=100
[debug] [2024-12-07T21:20:17.460Z] <<< [apiv2][status] GET https://firebase.googleapis.com/v1beta1/projects 200
[debug] [2024-12-07T21:20:17.461Z] <<< [apiv2][body] GET https://firebase.googleapis.com/v1beta1/projects [omitted]
[info] i  Using project riderapp-20eb0 (riderapp) 
[info] 
=== Hosting Setup
[debug] [2024-12-07T21:20:22.124Z] Checked if tokens are valid: true, expires at: 1733609996322
[debug] [2024-12-07T21:20:22.125Z] Checked if tokens are valid: true, expires at: 1733609996322
[debug] [2024-12-07T21:20:22.126Z] >>> [apiv2][query] GET https://firebase.googleapis.com/v1beta1/projects/riderapp-20eb0 [none]
[debug] [2024-12-07T21:20:22.870Z] <<< [apiv2][status] GET https://firebase.googleapis.com/v1beta1/projects/riderapp-20eb0 200
[debug] [2024-12-07T21:20:22.870Z] <<< [apiv2][body] GET https://firebase.googleapis.com/v1beta1/projects/riderapp-20eb0 {"projectId":"riderapp-20eb0","projectNumber":"411262208035","displayName":"riderapp","name":"projects/riderapp-20eb0","resources":{"hostingSite":"riderapp-20eb0"},"state":"ACTIVE","etag":"1_d6cdef33-bc3e-4759-b836-f87828d059dc"}
[info] 
[info] Your public directory is the folder (relative to your project directory) that
[info] will contain Hosting assets to be uploaded with firebase deploy. If you
[info] have a build process for your assets, use your build's output directory.
[info] 
[debug] [2024-12-07T21:20:39.176Z] >>> [apiv2][query] GET https://www.gstatic.com/firebasejs/releases.json [none]
[debug] [2024-12-07T21:20:39.469Z] <<< [apiv2][status] GET https://www.gstatic.com/firebasejs/releases.json 200
[debug] [2024-12-07T21:20:39.471Z] <<< [apiv2][body] GET https://www.gstatic.com/firebasejs/releases.json {"current":{"version":"11.0.2","browserURL":"https://www.gstatic.com/firebasejs/11.0.2/firebase.js","packageURL":"https://www.gstatic.com/firebasejs/11.0.2/firebase.tgz"},"live":{"version":"11.0","browserURL":"https://www.gstatic.com/firebasejs/live/11.0/firebase.js","packageURL":"https://www.gstatic.com/firebasejs/live/11.0/firebase.tgz"},"components":{"analytics":"https://www.gstatic.com/firebasejs/11.0.2/firebase-analytics.js","app":"https://www.gstatic.com/firebasejs/11.0.2/firebase-app.js","app-check":"https://www.gstatic.com/firebasejs/11.0.2/firebase-app-check.js","auth":"https://www.gstatic.com/firebasejs/11.0.2/firebase-auth.js","auth/cordova":"https://www.gstatic.com/firebasejs/11.0.2/firebase-auth/cordova.js","auth/web-extension":"https://www.gstatic.com/firebasejs/11.0.2/firebase-auth/web-extension.js","functions":"https://www.gstatic.com/firebasejs/11.0.2/firebase-functions.js","firestore":"https://www.gstatic.com/firebasejs/11.0.2/firebase-firestore.js","firestore/lite":"https://www.gstatic.com/firebasejs/11.0.2/firebase-firestore/lite.js","installations":"https://www.gstatic.com/firebasejs/11.0.2/firebase-installations.js","storage":"https://www.gstatic.com/firebasejs/11.0.2/firebase-storage.js","performance":"https://www.gstatic.com/firebasejs/11.0.2/firebase-performance.js","remote-config":"https://www.gstatic.com/firebasejs/11.0.2/firebase-remote-config.js","messaging":"https://www.gstatic.com/firebasejs/11.0.2/firebase-messaging.js","messaging/sw":"https://www.gstatic.com/firebasejs/11.0.2/firebase-messaging/sw.js","database":"https://www.gstatic.com/firebasejs/11.0.2/firebase-database.js","vertexai":"https://www.gstatic.com/firebasejs/11.0.2/firebase-vertexai.js","data-connect":"https://www.gstatic.com/firebasejs/11.0.2/firebase-data-connect.js","firestore.memory":"https://www.gstatic.com/firebasejs/11.0.2/firebase-firestore.memory.js"}}
[info] ✔  Wrote y/index.html 
[info] 
[info] i  Detected a .git folder at /media/mian/bad52411-55c8-4bee-a68d-f34fa6f21e1a/riderap/taxi_driver_node 
[info] i  Authorizing with GitHub to upload your service account to a GitHub repository's secrets store. 
[info] 
[info] Visit this URL on this device to log in:
[info] https://github.com/login/oauth/authorize?client_id=89cf50f02ac6aaed3484&state=338017649&redirect_uri=http%3A%2F%2Flocalhost%3A9005&scope=read%3Auser%20repo%20public_repo
[info] 
[info] Waiting for authentication...
[debug] [2024-12-07T21:20:40.982Z] >>> [apiv2][query] POST https://github.com/login/oauth/access_token [none]
[debug] [2024-12-07T21:20:40.982Z] >>> [apiv2][body] POST https://github.com/login/oauth/access_token [stream]
[debug] [2024-12-07T21:20:41.986Z] <<< [apiv2][status] POST https://github.com/login/oauth/access_token 200
[debug] [2024-12-07T21:20:41.986Z] <<< [apiv2][body] POST https://github.com/login/oauth/access_token {"access_token":"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","token_type":"bearer","scope":"read:user,repo"}
[debug] [2024-12-07T21:20:42.012Z] >>> [apiv2][query] GET https://api.github.com/user [none]
[debug] [2024-12-07T21:20:42.732Z] <<< [apiv2][status] GET https://api.github.com/user 200
[debug] [2024-12-07T21:20:42.733Z] <<< [apiv2][body] GET https://api.github.com/user {"login":"AbdullahManzoor-code","id":145805657,"node_id":"U_kgDOCLDRWQ","avatar_url":"https://avatars.githubusercontent.com/u/145805657?v=4","gravatar_id":"","url":"https://api.github.com/users/AbdullahManzoor-code","html_url":"https://github.com/AbdullahManzoor-code","followers_url":"https://api.github.com/users/AbdullahManzoor-code/followers","following_url":"https://api.github.com/users/AbdullahManzoor-code/following{/other_user}","gists_url":"https://api.github.com/users/AbdullahManzoor-code/gists{/gist_id}","starred_url":"https://api.github.com/users/AbdullahManzoor-code/starred{/owner}{/repo}","subscriptions_url":"https://api.github.com/users/AbdullahManzoor-code/subscriptions","organizations_url":"https://api.github.com/users/AbdullahManzoor-code/orgs","repos_url":"https://api.github.com/users/AbdullahManzoor-code/repos","events_url":"https://api.github.com/users/AbdullahManzoor-code/events{/privacy}","received_events_url":"https://api.github.com/users/AbdullahManzoor-code/received_events","type":"User","user_view_type":"private","site_admin":false,"name":"MR_Jerry","company":null,"blog":"","location":null,"email":null,"hireable":null,"bio":null,"twitter_username":null,"notification_email":null,"public_repos":14,"public_gists":0,"followers":2,"following":0,"created_at":"2023-09-22T19:45:30Z","updated_at":"2024-12-07T01:15:43Z","private_gists":0,"total_private_repos":5,"owned_private_repos":5,"disk_usage":145790,"collaborators":1,"two_factor_authentication":true,"plan":{"name":"free","space":976562499,"collaborators":0,"private_repos":10000}}
[info] 
[info] ✔  Success! Logged into GitHub as AbdullahManzoor-code 
[info] 
